2020-08-25 22:40:13 INFO  org.reflections.Reflections:229 - Reflections took 95 ms to scan 1 urls, producing 17 keys and 270 values 
2020-08-25 22:40:13 INFO  org.reflections.Reflections:229 - Reflections took 19 ms to scan 1 urls, producing 7 keys and 37 values 
2020-08-25 22:40:13 INFO  org.reflections.Reflections:229 - Reflections took 19 ms to scan 1 urls, producing 5 keys and 32 values 
2020-08-26 13:17:01 INFO  org.reflections.Reflections:229 - Reflections took 98 ms to scan 1 urls, producing 17 keys and 270 values 
2020-08-26 13:17:01 INFO  org.reflections.Reflections:229 - Reflections took 20 ms to scan 1 urls, producing 7 keys and 37 values 
2020-08-26 13:17:01 INFO  org.reflections.Reflections:229 - Reflections took 20 ms to scan 1 urls, producing 5 keys and 32 values 
2020-08-29 02:00:59 INFO  org.reflections.Reflections:229 - Reflections took 94 ms to scan 1 urls, producing 17 keys and 270 values 
2020-08-29 02:00:59 INFO  org.reflections.Reflections:229 - Reflections took 20 ms to scan 1 urls, producing 7 keys and 37 values 
2020-08-29 02:00:59 INFO  org.reflections.Reflections:229 - Reflections took 22 ms to scan 1 urls, producing 5 keys and 32 values 
2020-08-29 14:40:32 INFO  org.reflections.Reflections:229 - Reflections took 137 ms to scan 1 urls, producing 17 keys and 270 values 
2020-08-29 14:40:32 INFO  org.reflections.Reflections:229 - Reflections took 20 ms to scan 1 urls, producing 7 keys and 37 values 
2020-08-29 14:40:32 INFO  org.reflections.Reflections:229 - Reflections took 20 ms to scan 1 urls, producing 5 keys and 32 values 
2020-08-29 14:43:12 INFO  org.reflections.Reflections:229 - Reflections took 97 ms to scan 1 urls, producing 17 keys and 270 values 
2020-08-29 14:43:13 INFO  org.reflections.Reflections:229 - Reflections took 19 ms to scan 1 urls, producing 7 keys and 37 values 
2020-08-29 14:43:13 INFO  org.reflections.Reflections:229 - Reflections took 22 ms to scan 1 urls, producing 5 keys and 32 values 
2020-08-29 15:36:43 INFO  org.reflections.Reflections:229 - Reflections took 93 ms to scan 1 urls, producing 17 keys and 270 values 
2020-08-29 15:36:43 INFO  org.reflections.Reflections:229 - Reflections took 19 ms to scan 1 urls, producing 7 keys and 37 values 
2020-08-29 15:36:44 INFO  org.reflections.Reflections:229 - Reflections took 24 ms to scan 1 urls, producing 5 keys and 32 values 
2020-08-29 16:29:19 INFO  org.reflections.Reflections:229 - Reflections took 98 ms to scan 1 urls, producing 17 keys and 270 values 
2020-08-29 16:29:19 INFO  org.reflections.Reflections:229 - Reflections took 20 ms to scan 1 urls, producing 7 keys and 37 values 
2020-08-29 16:29:19 INFO  org.reflections.Reflections:229 - Reflections took 22 ms to scan 1 urls, producing 5 keys and 32 values 
2020-08-29 16:48:59 INFO  org.reflections.Reflections:229 - Reflections took 96 ms to scan 1 urls, producing 17 keys and 270 values 
2020-08-29 16:48:59 INFO  org.reflections.Reflections:229 - Reflections took 18 ms to scan 1 urls, producing 7 keys and 37 values 
2020-08-29 16:48:59 INFO  org.reflections.Reflections:229 - Reflections took 24 ms to scan 1 urls, producing 5 keys and 32 values 
2020-08-29 19:40:48 INFO  org.reflections.Reflections:229 - Reflections took 95 ms to scan 1 urls, producing 17 keys and 270 values 
2020-08-29 19:40:48 INFO  org.reflections.Reflections:229 - Reflections took 24 ms to scan 1 urls, producing 7 keys and 37 values 
2020-08-29 19:40:48 INFO  org.reflections.Reflections:229 - Reflections took 18 ms to scan 1 urls, producing 5 keys and 32 values 
2020-08-31 22:59:02 INFO  org.reflections.Reflections:229 - Reflections took 124 ms to scan 1 urls, producing 17 keys and 270 values 
2020-08-31 22:59:02 INFO  org.reflections.Reflections:229 - Reflections took 21 ms to scan 1 urls, producing 7 keys and 37 values 
2020-08-31 22:59:02 INFO  org.reflections.Reflections:229 - Reflections took 19 ms to scan 1 urls, producing 5 keys and 32 values 
2020-09-01 01:50:29 INFO  org.reflections.Reflections:229 - Reflections took 130 ms to scan 1 urls, producing 17 keys and 270 values 
2020-09-01 01:50:30 INFO  org.reflections.Reflections:229 - Reflections took 24 ms to scan 1 urls, producing 7 keys and 37 values 
2020-09-01 01:50:30 INFO  org.reflections.Reflections:229 - Reflections took 20 ms to scan 1 urls, producing 5 keys and 32 values 
2020-09-02 01:07:31 INFO  org.reflections.Reflections:229 - Reflections took 130 ms to scan 1 urls, producing 17 keys and 270 values 
2020-09-02 01:07:32 INFO  org.reflections.Reflections:229 - Reflections took 21 ms to scan 1 urls, producing 7 keys and 37 values 
2020-09-02 01:07:32 INFO  org.reflections.Reflections:229 - Reflections took 23 ms to scan 1 urls, producing 5 keys and 32 values 
2020-09-02 02:27:33 INFO  org.reflections.Reflections:229 - Reflections took 128 ms to scan 1 urls, producing 17 keys and 270 values 
2020-09-02 02:27:33 INFO  org.reflections.Reflections:229 - Reflections took 26 ms to scan 1 urls, producing 7 keys and 37 values 
2020-09-02 02:27:34 INFO  org.reflections.Reflections:229 - Reflections took 18 ms to scan 1 urls, producing 5 keys and 32 values 
2020-09-02 18:48:18 INFO  org.reflections.Reflections:229 - Reflections took 127 ms to scan 1 urls, producing 17 keys and 270 values 
2020-09-02 18:48:18 INFO  org.reflections.Reflections:229 - Reflections took 25 ms to scan 1 urls, producing 7 keys and 37 values 
2020-09-02 18:48:18 INFO  org.reflections.Reflections:229 - Reflections took 19 ms to scan 1 urls, producing 5 keys and 32 values 
2020-09-04 04:06:01 INFO  org.reflections.Reflections:229 - Reflections took 140 ms to scan 1 urls, producing 17 keys and 270 values 
2020-09-04 04:06:01 INFO  org.reflections.Reflections:229 - Reflections took 20 ms to scan 1 urls, producing 7 keys and 37 values 
2020-09-04 04:06:01 INFO  org.reflections.Reflections:229 - Reflections took 23 ms to scan 1 urls, producing 5 keys and 32 values 
2020-09-04 23:37:59 INFO  org.reflections.Reflections:229 - Reflections took 130 ms to scan 1 urls, producing 17 keys and 270 values 
2020-09-04 23:37:59 INFO  org.reflections.Reflections:229 - Reflections took 21 ms to scan 1 urls, producing 7 keys and 37 values 
2020-09-04 23:37:59 INFO  org.reflections.Reflections:229 - Reflections took 19 ms to scan 1 urls, producing 5 keys and 32 values 
2020-09-07 00:58:17 INFO  org.reflections.Reflections:229 - Reflections took 132 ms to scan 1 urls, producing 17 keys and 270 values 
2020-09-07 00:58:17 INFO  org.reflections.Reflections:229 - Reflections took 19 ms to scan 1 urls, producing 7 keys and 37 values 
2020-09-07 00:58:17 INFO  org.reflections.Reflections:229 - Reflections took 24 ms to scan 1 urls, producing 5 keys and 32 values 
2020-09-07 00:58:18 ERROR edu.pitt.dbmi.data.reader.tabular.TabularDataFileReader:848 - Insufficient data on line 19.  Extracted 11 value(s) but expected 12.
2020-09-07 01:00:34 ERROR edu.pitt.dbmi.data.reader.tabular.TabularDataFileReader:848 - Insufficient data on line 19.  Extracted 9 value(s) but expected 10.
2020-09-07 01:01:33 INFO  org.reflections.Reflections:229 - Reflections took 93 ms to scan 1 urls, producing 17 keys and 270 values 
2020-09-07 01:01:33 INFO  org.reflections.Reflections:229 - Reflections took 19 ms to scan 1 urls, producing 7 keys and 37 values 
2020-09-07 01:01:33 INFO  org.reflections.Reflections:229 - Reflections took 22 ms to scan 1 urls, producing 5 keys and 32 values 
2020-09-07 03:36:10 INFO  org.reflections.Reflections:229 - Reflections took 93 ms to scan 1 urls, producing 17 keys and 270 values 
2020-09-07 03:36:10 INFO  org.reflections.Reflections:229 - Reflections took 26 ms to scan 1 urls, producing 7 keys and 37 values 
2020-09-07 03:36:10 INFO  org.reflections.Reflections:229 - Reflections took 17 ms to scan 1 urls, producing 5 keys and 32 values 
2020-09-07 16:48:24 INFO  org.reflections.Reflections:229 - Reflections took 97 ms to scan 1 urls, producing 17 keys and 270 values 
2020-09-07 16:48:25 INFO  org.reflections.Reflections:229 - Reflections took 26 ms to scan 1 urls, producing 7 keys and 37 values 
2020-09-07 16:48:25 INFO  org.reflections.Reflections:229 - Reflections took 19 ms to scan 1 urls, producing 5 keys and 32 values 
2020-09-07 16:48:25 ERROR edu.pitt.dbmi.data.reader.tabular.TabularDataFileReader:920 - Non-continuous number Autauga County, Alabama on line 2 at column 1.
java.lang.NumberFormatException: For input string: "Autauga County, Alabama"
	at sun.misc.FloatingDecimal.readJavaFormatString(FloatingDecimal.java:2043)
	at sun.misc.FloatingDecimal.parseDouble(FloatingDecimal.java:110)
	at java.lang.Double.parseDouble(Double.java:538)
	at edu.pitt.dbmi.data.reader.tabular.TabularDataFileReader.readInContinuousData(TabularDataFileReader.java:917)
	at edu.pitt.dbmi.data.reader.tabular.TabularDataFileReader.read(TabularDataFileReader.java:319)
	at edu.pitt.dbmi.data.reader.tabular.ContinuousTabularDatasetFileReader.readInData(ContinuousTabularDatasetFileReader.java:68)
	at edu.pitt.dbmi.data.reader.tabular.ContinuousTabularDatasetFileReader.readInData(ContinuousTabularDatasetFileReader.java:49)
2020-09-07 17:05:47 ERROR edu.pitt.dbmi.data.reader.tabular.TabularDataFileReader:848 - Insufficient data on line 19.  Extracted 11 value(s) but expected 12.
2020-09-07 17:08:33 ERROR edu.pitt.dbmi.data.reader.tabular.TabularDataFileReader:848 - Insufficient data on line 19.  Extracted 11 value(s) but expected 12.
2020-09-13 14:22:19 INFO  org.reflections.Reflections:229 - Reflections took 125 ms to scan 1 urls, producing 17 keys and 270 values 
2020-09-13 14:22:19 INFO  org.reflections.Reflections:229 - Reflections took 19 ms to scan 1 urls, producing 7 keys and 37 values 
2020-09-13 14:22:19 INFO  org.reflections.Reflections:229 - Reflections took 24 ms to scan 1 urls, producing 5 keys and 32 values 
2020-09-13 15:17:52 INFO  org.reflections.Reflections:229 - Reflections took 153 ms to scan 1 urls, producing 17 keys and 270 values 
2020-09-13 15:17:53 INFO  org.reflections.Reflections:229 - Reflections took 34 ms to scan 1 urls, producing 7 keys and 37 values 
2020-09-13 15:17:53 INFO  org.reflections.Reflections:229 - Reflections took 28 ms to scan 1 urls, producing 5 keys and 32 values 
2020-09-13 15:19:47 INFO  org.reflections.Reflections:229 - Reflections took 96 ms to scan 1 urls, producing 17 keys and 270 values 
2020-09-13 15:19:47 INFO  org.reflections.Reflections:229 - Reflections took 21 ms to scan 1 urls, producing 7 keys and 37 values 
2020-09-13 15:19:47 INFO  org.reflections.Reflections:229 - Reflections took 24 ms to scan 1 urls, producing 5 keys and 32 values 
2020-09-13 15:21:38 INFO  org.reflections.Reflections:229 - Reflections took 139 ms to scan 1 urls, producing 17 keys and 270 values 
2020-09-13 15:21:38 INFO  org.reflections.Reflections:229 - Reflections took 21 ms to scan 1 urls, producing 7 keys and 37 values 
2020-09-13 15:21:38 INFO  org.reflections.Reflections:229 - Reflections took 24 ms to scan 1 urls, producing 5 keys and 32 values 
2020-09-13 15:26:56 INFO  org.reflections.Reflections:229 - Reflections took 97 ms to scan 1 urls, producing 17 keys and 270 values 
2020-09-13 15:26:57 INFO  org.reflections.Reflections:229 - Reflections took 19 ms to scan 1 urls, producing 7 keys and 37 values 
2020-09-13 15:26:57 INFO  org.reflections.Reflections:229 - Reflections took 21 ms to scan 1 urls, producing 5 keys and 32 values 
2020-09-13 15:27:48 INFO  org.reflections.Reflections:229 - Reflections took 97 ms to scan 1 urls, producing 17 keys and 270 values 
2020-09-13 15:27:48 INFO  org.reflections.Reflections:229 - Reflections took 18 ms to scan 1 urls, producing 7 keys and 37 values 
2020-09-13 15:27:48 INFO  org.reflections.Reflections:229 - Reflections took 23 ms to scan 1 urls, producing 5 keys and 32 values 
2020-09-13 15:30:37 INFO  org.reflections.Reflections:229 - Reflections took 94 ms to scan 1 urls, producing 17 keys and 270 values 
2020-09-13 15:30:37 INFO  org.reflections.Reflections:229 - Reflections took 19 ms to scan 1 urls, producing 7 keys and 37 values 
2020-09-13 15:30:38 INFO  org.reflections.Reflections:229 - Reflections took 24 ms to scan 1 urls, producing 5 keys and 32 values 
2020-09-13 19:00:50 INFO  org.reflections.Reflections:229 - Reflections took 136 ms to scan 1 urls, producing 17 keys and 270 values 
2020-09-13 19:00:50 INFO  org.reflections.Reflections:229 - Reflections took 20 ms to scan 1 urls, producing 7 keys and 37 values 
2020-09-13 19:00:51 INFO  org.reflections.Reflections:229 - Reflections took 24 ms to scan 1 urls, producing 5 keys and 32 values 
2020-09-13 19:02:34 INFO  org.reflections.Reflections:229 - Reflections took 97 ms to scan 1 urls, producing 17 keys and 270 values 
2020-09-13 19:02:34 INFO  org.reflections.Reflections:229 - Reflections took 21 ms to scan 1 urls, producing 7 keys and 37 values 
2020-09-13 19:02:34 INFO  org.reflections.Reflections:229 - Reflections took 24 ms to scan 1 urls, producing 5 keys and 32 values 
2020-09-13 19:12:55 INFO  org.reflections.Reflections:229 - Reflections took 102 ms to scan 1 urls, producing 17 keys and 270 values 
2020-09-13 19:12:55 INFO  org.reflections.Reflections:229 - Reflections took 19 ms to scan 1 urls, producing 7 keys and 37 values 
2020-09-13 19:12:55 INFO  org.reflections.Reflections:229 - Reflections took 24 ms to scan 1 urls, producing 5 keys and 32 values 
2020-09-13 19:31:16 INFO  org.reflections.Reflections:229 - Reflections took 93 ms to scan 1 urls, producing 17 keys and 270 values 
2020-09-13 19:31:17 INFO  org.reflections.Reflections:229 - Reflections took 20 ms to scan 1 urls, producing 7 keys and 37 values 
2020-09-13 19:31:17 INFO  org.reflections.Reflections:229 - Reflections took 23 ms to scan 1 urls, producing 5 keys and 32 values 
2020-09-13 19:32:07 INFO  org.reflections.Reflections:229 - Reflections took 98 ms to scan 1 urls, producing 17 keys and 270 values 
2020-09-13 19:32:07 INFO  org.reflections.Reflections:229 - Reflections took 20 ms to scan 1 urls, producing 7 keys and 37 values 
2020-09-13 19:32:07 INFO  org.reflections.Reflections:229 - Reflections took 22 ms to scan 1 urls, producing 5 keys and 32 values 
2020-09-13 20:48:55 INFO  org.reflections.Reflections:229 - Reflections took 95 ms to scan 1 urls, producing 17 keys and 270 values 
2020-09-13 20:48:56 INFO  org.reflections.Reflections:229 - Reflections took 19 ms to scan 1 urls, producing 7 keys and 37 values 
2020-09-13 20:48:56 INFO  org.reflections.Reflections:229 - Reflections took 25 ms to scan 1 urls, producing 5 keys and 32 values 
2020-09-13 20:49:34 INFO  org.reflections.Reflections:229 - Reflections took 95 ms to scan 1 urls, producing 17 keys and 270 values 
2020-09-13 20:49:34 INFO  org.reflections.Reflections:229 - Reflections took 20 ms to scan 1 urls, producing 7 keys and 37 values 
2020-09-13 20:49:34 INFO  org.reflections.Reflections:229 - Reflections took 22 ms to scan 1 urls, producing 5 keys and 32 values 
